TN:
SF:Completed\Two-sum.js
FN:1,(anonymous_0)
FNF:1
FNH:1
FNDA:4,(anonymous_0)
DA:1,1
DA:2,4
DA:3,5
DA:5,5
DA:6,9
DA:8,9
DA:9,2
DA:13,2
DA:16,1
LF:9
LH:9
BRDA:8,0,0,2
BRDA:8,0,1,7
BRF:2
BRH:2
end_of_record
TN:
SF:Completed\anagram.js
FN:1,isAnagram
FN:12,formatStr
FNF:2
FNH:2
FNDA:3,isAnagram
FNDA:6,formatStr
DA:2,3
DA:13,6
DA:16,1
LF:3
LH:3
BRF:0
BRH:0
end_of_record
TN:
SF:Completed\chunk.js
FN:1,(anonymous_0)
FN:6,(anonymous_1)
FNF:2
FNH:2
FNDA:2,(anonymous_0)
FNDA:13,(anonymous_1)
DA:1,1
DA:3,2
DA:6,2
DA:8,13
DA:11,13
DA:12,8
DA:14,5
DA:18,2
DA:21,1
LF:9
LH:9
BRDA:11,0,0,8
BRDA:11,0,1,5
BRDA:11,1,0,13
BRDA:11,1,1,11
BRF:4
BRH:4
end_of_record
TN:
SF:Completed\functions.js
FN:4,(anonymous_0)
FN:5,(anonymous_1)
FN:6,(anonymous_2)
FN:7,(anonymous_3)
FN:12,(anonymous_4)
FN:15,(anonymous_5)
FN:16,(anonymous_6)
FNF:7
FNH:6
FNDA:2,(anonymous_0)
FNDA:1,(anonymous_1)
FNDA:1,(anonymous_2)
FNDA:1,(anonymous_3)
FNDA:1,(anonymous_4)
FNDA:1,(anonymous_5)
FNDA:0,(anonymous_6)
DA:1,1
DA:3,1
DA:4,2
DA:5,1
DA:6,1
DA:8,1
DA:9,1
DA:10,1
DA:13,1
DA:15,1
DA:16,0
DA:19,1
LF:12
LH:11
BRF:0
BRH:0
end_of_record
TN:
SF:Completed\mock-endpoints.js
FN:3,(anonymous_0)
FNF:1
FNH:1
FNDA:2,(anonymous_0)
DA:1,1
DA:3,1
DA:4,2
DA:5,2
DA:6,1
DA:8,1
DA:12,1
LF:7
LH:7
BRF:0
BRH:0
end_of_record
TN:
SF:Completed\reversestring.js
FN:1,(anonymous_0)
FNF:1
FNH:1
FNDA:2,(anonymous_0)
DA:1,1
DA:2,2
DA:8,1
LF:3
LH:3
BRF:0
BRH:0
end_of_record
